<?xml version="1.0" encoding="UTF-8"?>
<!-- Generated by org.testng.reporters.JUnitReportReporter -->
<testsuite name="com.imaginea.tests.LoginPageTest" tests="1" time="0.770" ignored="0" failures="0" timestamp="19 Feb 2017 10:45:54 GMT" skipped="0" hostname="PRINHYLTPAP1022.local" errors="0">
  <testcase name="loginIntoApplication" time="0.770" classname="com.imaginea.tests.LoginPageTest"/>
</testsuite> <!-- com.imaginea.tests.LoginPageTest -->
