<?xml version="1.0" encoding="UTF-8"?>
<!-- Generated by org.testng.reporters.JUnitReportReporter -->
<testsuite name="com.imaginea.tests.AppliancesTests" tests="1" time="0.000" ignored="0" failures="0" timestamp="17 Feb 2017 23:49:24 GMT" skipped="1" hostname="PRINHYLTPAP1022.local" errors="0">
  <testcase name="Launch" time="0.000" classname="com.imaginea.tests.AppliancesTests">
    <skipped/>
  </testcase> <!-- Launch -->
</testsuite> <!-- com.imaginea.tests.AppliancesTests -->
