<?xml version="1.0" encoding="UTF-8"?>
<!-- Generated by org.testng.reporters.JUnitReportReporter -->
<testsuite name="com.imaginea.tests.AddToCartTest" tests="1" time="160.219" ignored="0" failures="0" timestamp="20 Feb 2017 05:06:32 GMT" skipped="0" hostname="PRINHYLTPAP1022.local" errors="0">
  <testcase name="addProductToCart" time="160.219" classname="com.imaginea.tests.AddToCartTest"/>
</testsuite> <!-- com.imaginea.tests.AddToCartTest -->
