<?xml version="1.0" encoding="UTF-8"?>
<!-- Generated by org.testng.reporters.JUnitReportReporter -->
<testsuite name="com.imaginea.tests.HomePageTests" tests="1" time="0.455" ignored="0" failures="0" timestamp="19 Feb 2017 10:45:54 GMT" skipped="0" hostname="PRINHYLTPAP1022.local" errors="0">
  <testcase name="searchForMobile" time="0.455" classname="com.imaginea.tests.HomePageTests"/>
</testsuite> <!-- com.imaginea.tests.HomePageTests -->
